<?xml version="1.0" encoding="UTF-8"?>
<testng-results skipped="0" failed="0" total="1" passed="1">
  <reporter-output>
  </reporter-output>
  <suite name="Default suite" duration-ms="173" started-at="2016-11-17T08:08:42Z" finished-at="2016-11-17T08:08:43Z">
    <groups>
    </groups>
    <test name="Default test" duration-ms="173" started-at="2016-11-17T08:08:42Z" finished-at="2016-11-17T08:08:43Z">
      <class name="com.testMaven.one.TestMavenOne.PracticeTwo01TestNG">
        <test-method status="PASS" signature="test(java.lang.String)[pri:0, instance:com.testMaven.one.TestMavenOne.PracticeTwo01TestNG@5dfcfece]" name="test" duration-ms="32" started-at="2016-11-17T16:08:43Z" finished-at="2016-11-17T16:08:43Z">
          <params>
            <param index="0">
              <value>
                <![CDATA[aaa]]>
              </value>
            </param>
          </params>
          <reporter-output>
          </reporter-output>
        </test-method> <!-- test -->
      </class> <!-- com.testMaven.one.TestMavenOne.PracticeTwo01TestNG -->
    </test> <!-- Default test -->
  </suite> <!-- Default suite -->
</testng-results>
